<?xml version="1.0" encoding="UTF-8"?>
<!-- Generated by org.testng.reporters.JUnitReportReporter -->
<testsuite hostname="manasa" failures="0" tests="3" name="miniProject.DataProviderTest" time="118.363" errors="0" timestamp="2025-08-18T14:28:35 IST" skipped="0">
  <testcase classname="miniProject.DataProviderTest" name="loginTest" time="21.169"/>
  <testcase classname="miniProject.DataProviderTest" name="loginTest" time="64.622"/>
  <testcase classname="miniProject.DataProviderTest" name="loginTest" time="32.572"/>
</testsuite> <!-- miniProject.DataProviderTest -->
