<?xml version="1.0" encoding="UTF-8"?>
<!-- Generated by org.testng.reporters.JUnitReportReporter -->
<testsuite hostname="manasa" failures="0" tests="1" name="miniProject.DummyLogin" time="10.410" errors="0" timestamp="2025-08-18T18:41:35 IST" skipped="0">
  <testcase classname="miniProject.DummyLogin" name="loginTest" time="10.410"/>
</testsuite> <!-- miniProject.DummyLogin -->
