<?xml version="1.0" encoding="UTF-8"?>
<!-- Generated by org.testng.reporters.JUnitReportReporter -->
<testsuite hostname="manasa" failures="0" tests="2" name="TestNG_package.Ebay_testing" time="33.932" errors="0" timestamp="2025-08-13T12:25:11 IST" skipped="0">
  <testcase classname="TestNG_package.Ebay_testing" name="search1" time="11.257"/>
  <testcase classname="TestNG_package.Ebay_testing" name="search" time="22.675"/>
</testsuite> <!-- TestNG_package.Ebay_testing -->
