<?xml version="1.0" encoding="UTF-8"?>
<!-- Generated by org.testng.reporters.JUnitReportReporter -->
<testsuite hostname="manasa" failures="0" tests="1" name="TestNG_package.Explicit_wait" time="3.768" errors="0" timestamp="2025-08-14T16:17:58 IST" skipped="0">
  <testcase classname="TestNG_package.Explicit_wait" name="f" time="3.768"/>
</testsuite> <!-- TestNG_package.Explicit_wait -->
